<?xml version="1.0" encoding="UTF-8"?>
<!-- Generated by org.testng.reporters.JUnitXMLReporter -->
<testsuite ignored="0" hostname="DESKTOP-8G1DOTD" failures="1" tests="3" name="TestOne" time="0.081" errors="0" timestamp="13 Oct 2018 16:06:20 GMT">
  <testcase classname="TestClassOne" name="testMethodFail" time="0.022">
    <failure type="java.lang.AssertionError" message="expected [true] but found [false]">
      <![CDATA[java.lang.AssertionError: expected [true] but found [false]
at TestClassOne.testMethodFail(TestClassOne.java:13)
... Removed 29 stack frames]]>
    </failure>
  </testcase> <!-- testMethodFail -->
  <testcase classname="TestClassOne" name="testMethodPass" time="0.002"/>
  <testcase classname="TestClassOne" name="testMethodSkip" time="0.002">
    <skipped/>
  </testcase> <!-- testMethodSkip -->
</testsuite> <!-- TestOne -->
